2026-04-09 18:41:23,588 | INFO | Logger initialized
2026-04-09 18:41:23,588 | INFO | Runtime environment:
2026-04-09 18:41:23,588 | INFO |   Python: 3.10.20
2026-04-09 18:41:23,592 | INFO |   Platform: Linux-6.4.0-150600.23.78-default-x86_64-with-glibc2.38
2026-04-09 18:41:23,592 | INFO |   NumPy: 1.26.4
2026-04-09 18:41:23,592 | INFO |   pandas: 2.3.3
2026-04-09 18:41:23,592 | INFO |   scikit-learn: 1.7.2
2026-04-09 18:41:23,592 | INFO |   xgboost: 3.2.0
2026-04-09 18:41:23,592 | INFO |   RDKit: 2022.09.5
2026-04-09 18:41:23,592 | INFO | ================================================================================
2026-04-09 18:41:23,593 | INFO | ======================  QSAR ML PIPELINE INITIALIZATION  =======================
2026-04-09 18:41:23,593 | INFO | ================================================================================
2026-04-09 18:41:23,593 | INFO | Seeds: [4, 9, 26]
2026-04-09 18:41:23,593 | INFO | Models: LR, RFC, SVC, XGBC, ETC, MLP
2026-04-09 18:41:23,593 | INFO | Split method: scaffold | Test size: 0.2
2026-04-09 18:41:23,593 | INFO | Augmentation: {"use_smiles_augmentation": 0, "n_augments": 1, "method": "random_smiles", "apply_to": "train_only", "descriptor_mode": "reuse_original"}
2026-04-09 18:41:23,593 | INFO | Hyperparameter tuning: {"enabled": 1, "search_type": "grid", "target_models": ["LR", "RFC", "SVC", "XGBC", "ETC", "MLP"], "n_iter": 2, "cv_folds": 3, "scoring": "roc_auc", "n_jobs": -1}
2026-04-09 18:41:23,593 | INFO | Thresholding: {"enabled": 1, "classification_threshold": 0.5, "tune_in_cv": 0, "tune_metric": "mcc", "candidate_thresholds": [0.3, 0.35, 0.4, 0.45, 0.5, 0.55, 0.6, 0.65, 0.7], "selection_rule": "max_f1", "curve_points": 201}
2026-04-09 18:41:23,593 | INFO | Output: models_out/qsar_ml_20260409_184123

2026-04-09 18:41:23,593 | INFO | ================================================================================
2026-04-09 18:41:23,593 | INFO | =======================  DATA LOADING & PRE-PROCESSING  ========================
2026-04-09 18:41:23,593 | INFO | ================================================================================
2026-04-09 18:41:23,595 | INFO | Loaded data: 587 molecules
2026-04-09 18:41:23,597 | INFO | Parsed labels: 416 active | 171 inactive
2026-04-09 18:41:23,597 | INFO | ================================================================================
2026-04-09 18:41:23,597 | INFO | ============================  FEATURE ENGINEERING  =============================
2026-04-09 18:41:23,597 | INFO | ================================================================================
2026-04-09 18:41:23,597 | INFO | Computing Morgan fingerprints via RDKit...
2026-04-09 18:41:24,181 | INFO | Computing RDKit descriptors...
2026-04-09 18:41:27,076 | INFO | Recomputed features exported to: /home/wiky/TobyLo/Project/1.2QSAR-simple-ml/data/NSD2/NSD2_final_ic50_feature_fingerprint.csv
2026-04-09 18:41:27,076 | INFO | ================================================================================
2026-04-09 18:41:27,076 | INFO |                            FEATURE ENGINEERING AUDIT                            
2026-04-09 18:41:27,076 | INFO | ================================================================================
2026-04-09 18:41:27,076 | INFO | Morgan Fingerprints: raw block size = 2048 bits
2026-04-09 18:41:27,076 | INFO |   Retained bits are selected per CV fold and on final-dev training only.
2026-04-09 18:41:27,076 | INFO |   Status: Computed on-the-fly via RDKit
2026-04-09 18:41:27,076 | INFO | RDKit Descriptors: 20 dimensions used
2026-04-09 18:41:27,076 | INFO |   Names: MolWt, MolLogP, NumHDonors, NumHAcceptors, NumRotatableBonds...
2026-04-09 18:41:27,076 | INFO | ================================================================================
2026-04-09 18:41:27,076 | INFO | ================================================================================
2026-04-09 18:41:27,076 | INFO | ===============================  MODEL TRAINING  ===============================
2026-04-09 18:41:27,076 | INFO | ================================================================================
2026-04-09 18:41:27,076 | INFO | ================================================================================
2026-04-09 18:41:27,076 | INFO | ==========================  PROCESSING SPLIT SEED 4  ===========================
2026-04-09 18:41:27,077 | INFO | ================================================================================
2026-04-09 18:41:27,352 | INFO | Data split: 465 development | 122 external test
2026-04-09 18:41:27,352 | INFO | Class balance | dev: 333/465 active (71.6%) | external: 83/122 active (68.0%)
2026-04-09 18:41:27,352 | INFO | 
Starting 5-fold cross-validation on development set (seed=4)
2026-04-09 18:41:27,602 | INFO | Using StratifiedGroupKFold with Bemis-Murcko scaffold groups for inner CV
2026-04-09 18:41:27,602 | INFO |   Fold 1/5 | Processing...
2026-04-09 18:41:27,809 | INFO |     FP filtering (fold 1): 2048 -> 136 (retain 6.6%)
2026-04-09 18:41:29,047 | INFO |     Tuning LR: best_score=0.9478, best_params={'C': 1.0, 'penalty': 'l2', 'solver': 'liblinear'}
2026-04-09 18:41:34,844 | INFO |     Tuning RFC: best_score=0.9545, best_params={'max_depth': None, 'min_samples_leaf': 1, 'n_estimators': 500}
2026-04-09 18:41:36,862 | INFO |     Tuning SVC: best_score=0.9641, best_params={'C': 10.0, 'gamma': 0.01, 'kernel': 'rbf'}
2026-04-09 18:41:54,719 | INFO |     Tuning XGBC: best_score=0.9687, best_params={'learning_rate': 0.1, 'max_depth': 3, 'n_estimators': 200, 'subsample': 1.0}
2026-04-09 18:41:58,201 | INFO |     Tuning ETC: best_score=0.9605, best_params={'max_depth': 10, 'min_samples_leaf': 1, 'n_estimators': 500}
2026-04-09 18:42:02,253 | INFO |     Tuning MLP: best_score=0.9466, best_params={'alpha': 0.001, 'hidden_layer_sizes': (256, 128), 'learning_rate_init': 0.0005}
2026-04-09 18:42:02,280 | INFO |   Fold 2/5 | Processing...
2026-04-09 18:42:02,428 | INFO |     FP filtering (fold 2): 2048 -> 149 (retain 7.3%)
2026-04-09 18:42:02,521 | INFO |     Tuning LR: best_score=0.9311, best_params={'C': 1.0, 'penalty': 'l2', 'solver': 'liblinear'}
2026-04-09 18:42:07,308 | INFO |     Tuning RFC: best_score=0.9322, best_params={'max_depth': None, 'min_samples_leaf': 1, 'n_estimators': 500}
2026-04-09 18:42:08,346 | INFO |     Tuning SVC: best_score=0.9271, best_params={'C': 10.0, 'gamma': 0.01, 'kernel': 'rbf'}
2026-04-09 18:47:52,859 | INFO |     Tuning XGBC: best_score=0.9265, best_params={'learning_rate': 0.03, 'max_depth': 6, 'n_estimators': 200, 'subsample': 1.0}
2026-04-09 18:47:56,472 | INFO |     Tuning ETC: best_score=0.9438, best_params={'max_depth': None, 'min_samples_leaf': 1, 'n_estimators': 500}
2026-04-09 18:47:59,267 | INFO |     Tuning MLP: best_score=0.9356, best_params={'alpha': 0.0001, 'hidden_layer_sizes': (512, 256), 'learning_rate_init': 0.001}
2026-04-09 18:47:59,304 | INFO |   Fold 3/5 | Processing...
2026-04-09 18:47:59,518 | INFO |     FP filtering (fold 3): 2048 -> 125 (retain 6.1%)
2026-04-09 18:48:00,269 | INFO |     Tuning LR: best_score=0.9266, best_params={'C': 0.1, 'penalty': 'l2', 'solver': 'liblinear'}
2026-04-09 18:48:04,871 | INFO |     Tuning RFC: best_score=0.9344, best_params={'max_depth': None, 'min_samples_leaf': 1, 'n_estimators': 200}
2026-04-09 18:48:06,243 | INFO |     Tuning SVC: best_score=0.9191, best_params={'C': 1.0, 'gamma': 'scale', 'kernel': 'rbf'}
2026-04-09 18:48:12,327 | INFO |     Tuning XGBC: best_score=0.9216, best_params={'learning_rate': 0.03, 'max_depth': 3, 'n_estimators': 500, 'subsample': 1.0}
2026-04-09 18:48:14,968 | INFO |     Tuning ETC: best_score=0.9537, best_params={'max_depth': 10, 'min_samples_leaf': 4, 'n_estimators': 200}
2026-04-09 18:48:18,423 | INFO |     Tuning MLP: best_score=0.9330, best_params={'alpha': 0.0001, 'hidden_layer_sizes': (256, 128), 'learning_rate_init': 0.0005}
2026-04-09 18:48:18,453 | INFO |   Fold 4/5 | Processing...
2026-04-09 18:48:18,667 | INFO |     FP filtering (fold 4): 2048 -> 136 (retain 6.6%)
2026-04-09 18:48:18,746 | INFO |     Tuning LR: best_score=0.9332, best_params={'C': 0.1, 'penalty': 'l2', 'solver': 'liblinear'}
2026-04-09 18:48:23,558 | INFO |     Tuning RFC: best_score=0.9416, best_params={'max_depth': 10, 'min_samples_leaf': 1, 'n_estimators': 500}
2026-04-09 18:48:24,641 | INFO |     Tuning SVC: best_score=0.9285, best_params={'C': 1.0, 'gamma': 'scale', 'kernel': 'rbf'}
2026-04-09 18:54:11,179 | INFO |     Tuning XGBC: best_score=0.9457, best_params={'learning_rate': 0.03, 'max_depth': 6, 'n_estimators': 200, 'subsample': 0.8}
2026-04-09 18:54:14,829 | INFO |     Tuning ETC: best_score=0.9498, best_params={'max_depth': None, 'min_samples_leaf': 4, 'n_estimators': 500}
2026-04-09 18:54:19,161 | INFO |     Tuning MLP: best_score=0.9447, best_params={'alpha': 0.001, 'hidden_layer_sizes': (512, 256), 'learning_rate_init': 0.0005}
2026-04-09 18:54:19,192 | INFO |   Fold 5/5 | Processing...
2026-04-09 18:54:19,404 | INFO |     FP filtering (fold 5): 2048 -> 128 (retain 6.2%)
2026-04-09 18:54:20,166 | INFO |     Tuning LR: best_score=0.9517, best_params={'C': 1.0, 'penalty': 'l2', 'solver': 'liblinear'}
2026-04-09 18:54:25,584 | INFO |     Tuning RFC: best_score=0.9717, best_params={'max_depth': 10, 'min_samples_leaf': 1, 'n_estimators': 500}
2026-04-09 18:54:27,355 | INFO |     Tuning SVC: best_score=0.9664, best_params={'C': 1.0, 'gamma': 'scale', 'kernel': 'rbf'}
2026-04-09 18:54:34,887 | INFO |     Tuning XGBC: best_score=0.9736, best_params={'learning_rate': 0.03, 'max_depth': 6, 'n_estimators': 500, 'subsample': 1.0}
2026-04-09 18:54:37,563 | INFO |     Tuning ETC: best_score=0.9710, best_params={'max_depth': 10, 'min_samples_leaf': 4, 'n_estimators': 200}
2026-04-09 18:54:40,535 | INFO |     Tuning MLP: best_score=0.9560, best_params={'alpha': 0.001, 'hidden_layer_sizes': (256, 128), 'learning_rate_init': 0.0005}
2026-04-09 18:54:40,566 | INFO | 

Cross-Validation Summary (Validation Set)
================================================================================
Model      |   accuracy |        ef1 |        ef5 |         f1 |        mcc |     pr_auc |  precision |     recall |    roc_auc
-------------------------------------------------------------------------------------------------------------------------------
ETC        | 0.8869 ± 0.0619 | 1.7523 ± 0.4522 | 1.7523 ± 0.4522 | 0.8901 ± 0.0650 | 0.7519 ± 0.1080 | 0.9622 ± 0.0263 | 0.9095 ± 0.0774 | 0.8738 ± 0.0681 | 0.9391 ± 0.0345
LR         | 0.8547 ± 0.0696 | 1.7523 ± 0.4522 | 1.7523 ± 0.4522 | 0.8693 ± 0.0657 | 0.6974 ± 0.1022 | 0.9577 ± 0.0342 | 0.8590 ± 0.1220 | 0.8983 ± 0.0867 | 0.9401 ± 0.0529
MLP        | 0.8865 ± 0.0583 | 1.7523 ± 0.4522 | 1.7523 ± 0.4522 | 0.8929 ± 0.0642 | 0.7451 ± 0.0916 | 0.9685 ± 0.0285 | 0.8875 ± 0.0921 | 0.9027 ± 0.0580 | 0.9600 ± 0.0297
RFC        | 0.9025 ± 0.0543 | 1.7523 ± 0.4522 | 1.7523 ± 0.4522 | 0.9068 ± 0.0551 | 0.7826 ± 0.0930 | 0.9689 ± 0.0275 | 0.9212 ± 0.0524 | 0.8935 ± 0.0624 | 0.9586 ± 0.0371
SVC        | 0.8972 ± 0.0625 | 1.7523 ± 0.4522 | 1.7523 ± 0.4522 | 0.9051 ± 0.0612 | 0.7771 ± 0.1106 | 0.9588 ± 0.0357 | 0.8886 ± 0.0836 | 0.9281 ± 0.0708 | 0.9351 ± 0.0412
XGBC       | 0.8737 ± 0.0770 | 1.7523 ± 0.4522 | 1.7523 ± 0.4522 | 0.8783 ± 0.0818 | 0.7169 ± 0.1337 | 0.9649 ± 0.0293 | 0.8833 ± 0.0921 | 0.8747 ± 0.0770 | 0.9537 ± 0.0349
2026-04-09 18:54:40,570 | INFO | ✓ Saved CV fold results to models_out/qsar_ml_20260409_184123/split_seed_4/results/fold_results.csv
2026-04-09 18:54:40,570 | INFO | ✓ Saved CV summary to models_out/qsar_ml_20260409_184123/split_seed_4/results/cv_summary.csv

2026-04-09 18:54:40,582 | INFO | OOF threshold candidates [LR] | Youden-J thr=0.8312 (J=0.7668, F1=0.8907) | Max-F1 thr=0.5123 (F1=0.9268, MCC=0.7391) | locked=0.5123 via max_f1
2026-04-09 18:54:40,589 | INFO | OOF threshold candidates [RFC] | Youden-J thr=0.7043 (J=0.8556, F1=0.9335) | Max-F1 thr=0.4900 (F1=0.9456, MCC=0.8115) | locked=0.4900 via max_f1
2026-04-09 18:54:40,597 | INFO | OOF threshold candidates [SVC] | Youden-J thr=0.5945 (J=0.8142, F1=0.9458) | Max-F1 thr=0.5406 (F1=0.9461, MCC=0.8088) | locked=0.5406 via max_f1
2026-04-09 18:54:40,604 | INFO | OOF threshold candidates [XGBC] | Youden-J thr=0.6918 (J=0.8173, F1=0.9422) | Max-F1 thr=0.2199 (F1=0.9426, MCC=0.7894) | locked=0.2199 via max_f1
2026-04-09 18:54:40,612 | INFO | OOF threshold candidates [ETC] | Youden-J thr=0.7597 (J=0.8256, F1=0.9164) | Max-F1 thr=0.5270 (F1=0.9424, MCC=0.8021) | locked=0.5270 via max_f1
2026-04-09 18:54:40,619 | INFO | OOF threshold candidates [MLP] | Youden-J thr=0.9734 (J=0.8599, F1=0.9441) | Max-F1 thr=0.9203 (F1=0.9479, MCC=0.8279) | locked=0.9203 via max_f1
2026-04-09 18:54:40,851 | INFO |   FP filtering (final-dev): 2048 -> 137 (retain 6.7%)
2026-04-09 18:54:40,947 | INFO |     Tuning LR: best_score=0.9516, best_params={'C': 0.1, 'penalty': 'l2', 'solver': 'liblinear'}
2026-04-09 18:54:40,947 | INFO |   Threshold lock LR: threshold=0.5123 (source=oof_max_f1)
2026-04-09 18:54:40,972 | INFO |   ✓ LR       | dev AUC:  0.9874 | ext AUC:  0.9725
2026-04-09 18:54:45,772 | INFO |     Tuning RFC: best_score=0.9737, best_params={'max_depth': None, 'min_samples_leaf': 1, 'n_estimators': 500}
2026-04-09 18:54:45,773 | INFO |   Threshold lock RFC: threshold=0.4900 (source=oof_max_f1)
2026-04-09 18:54:46,332 | INFO |   ✓ RFC      | dev AUC:  1.0000 | ext AUC:  0.9554
2026-04-09 18:54:47,266 | INFO |     Tuning SVC: best_score=0.9552, best_params={'C': 1.0, 'gamma': 'scale', 'kernel': 'rbf'}
2026-04-09 18:54:47,266 | INFO |   Threshold lock SVC: threshold=0.5406 (source=oof_max_f1)
2026-04-09 18:54:47,311 | INFO |   ✓ SVC      | dev AUC:  0.9925 | ext AUC:  0.9759
2026-04-09 19:00:32,120 | INFO |     Tuning XGBC: best_score=0.9779, best_params={'learning_rate': 0.03, 'max_depth': 3, 'n_estimators': 500, 'subsample': 0.8}
2026-04-09 19:00:32,121 | INFO |   Threshold lock XGBC: threshold=0.2199 (source=oof_max_f1)
2026-04-09 19:00:32,157 | INFO |   ✓ XGBC     | dev AUC:  0.9999 | ext AUC:  0.9620
2026-04-09 19:00:35,173 | INFO |     Tuning ETC: best_score=0.9713, best_params={'max_depth': 10, 'min_samples_leaf': 4, 'n_estimators': 200}
2026-04-09 19:00:35,173 | INFO |   Threshold lock ETC: threshold=0.5270 (source=oof_max_f1)
2026-04-09 19:00:35,503 | INFO |   ✓ ETC      | dev AUC:  0.9962 | ext AUC:  0.9778
2026-04-09 19:00:39,078 | INFO |     Tuning MLP: best_score=0.9583, best_params={'alpha': 0.001, 'hidden_layer_sizes': (256, 128), 'learning_rate_init': 0.001}
2026-04-09 19:00:39,078 | INFO |   Threshold lock MLP: threshold=0.9203 (source=oof_max_f1)
2026-04-09 19:00:39,101 | INFO |   ✓ MLP      | dev AUC:  0.9999 | ext AUC:  0.9790
2026-04-09 19:00:39,102 | INFO | 
External Test Set Performance:

2026-04-09 19:00:39,102 | INFO | 
Model      |   accuracy | classification_threshold |        ef1 |        ef5 |         f1 |        mcc |     pr_auc |  precision |     recall |    roc_auc
----------------------------------------------------------------------------------------------------------------------------------------------------------
ETC        |     0.9262 |     0.5270 |     1.4699 |     1.4699 |     0.9455 |     0.8317 |     0.9909 |     0.9512 |     0.9398 |     0.9778
LR         |     0.8934 |     0.5123 |     1.4699 |     1.4699 |     0.9266 |     0.7544 |     0.9878 |     0.8723 |     0.9880 |     0.9725
MLP        |     0.9344 |     0.9203 |     1.4699 |     1.4699 |     0.9512 |     0.8519 |     0.9910 |     0.9630 |     0.9398 |     0.9790
RFC        |     0.8852 |     0.4900 |     1.4699 |     1.4699 |     0.9157 |     0.7362 |     0.9829 |     0.9157 |     0.9157 |     0.9554
SVC        |     0.9344 |     0.5406 |     1.4699 |     1.4699 |     0.9524 |     0.8478 |     0.9903 |     0.9412 |     0.9639 |     0.9759
XGBC       |     0.8197 |     0.2199 |     1.4699 |     1.4699 |     0.8764 |     0.5660 |     0.9854 |     0.8211 |     0.9398 |     0.9620

2026-04-09 19:00:39,406 | INFO |   ✓ Saved external predictions
2026-04-09 19:00:39,408 | INFO |   ✓ Saved threshold_selection_summary.csv
2026-04-09 19:00:39,410 | INFO |   ✓ Saved external_test_results.csv and external_test_summary.csv
2026-04-09 19:00:42,155 | INFO |   ✓ Saved threshold_curves_data.csv
2026-04-09 19:00:42,157 | INFO |   ✓ Saved feature importance for 3 tree models
2026-04-09 19:00:42,158 | INFO |   ✓ Saved split indices
2026-04-09 19:00:42,158 | INFO | 
✓ Completed split_seed 4 | Dev: 465 | External: 122

2026-04-09 19:00:42,160 | INFO | ================================================================================
2026-04-09 19:00:42,160 | INFO | ==========================  PROCESSING SPLIT SEED 9  ===========================
2026-04-09 19:00:42,160 | INFO | ================================================================================
2026-04-09 19:00:42,434 | INFO | Data split: 465 development | 122 external test
2026-04-09 19:00:42,434 | INFO | Class balance | dev: 333/465 active (71.6%) | external: 83/122 active (68.0%)
2026-04-09 19:00:42,434 | INFO | 
Starting 5-fold cross-validation on development set (seed=9)
2026-04-09 19:00:42,681 | INFO | Using StratifiedGroupKFold with Bemis-Murcko scaffold groups for inner CV
2026-04-09 19:00:42,682 | INFO |   Fold 1/5 | Processing...
2026-04-09 19:00:42,887 | INFO |     FP filtering (fold 1): 2048 -> 132 (retain 6.4%)
2026-04-09 19:00:43,587 | INFO |     Tuning LR: best_score=0.9055, best_params={'C': 0.1, 'penalty': 'l2', 'solver': 'liblinear'}
2026-04-09 19:00:49,055 | INFO |     Tuning RFC: best_score=0.9324, best_params={'max_depth': None, 'min_samples_leaf': 4, 'n_estimators': 500}
2026-04-09 19:00:50,741 | INFO |     Tuning SVC: best_score=0.9267, best_params={'C': 1.0, 'gamma': 'scale', 'kernel': 'rbf'}
2026-04-09 19:00:57,950 | INFO |     Tuning XGBC: best_score=0.9386, best_params={'learning_rate': 0.03, 'max_depth': 6, 'n_estimators': 200, 'subsample': 0.8}
2026-04-09 19:01:00,662 | INFO |     Tuning ETC: best_score=0.9324, best_params={'max_depth': 10, 'min_samples_leaf': 4, 'n_estimators': 200}
2026-04-09 19:01:04,381 | INFO |     Tuning MLP: best_score=0.9098, best_params={'alpha': 0.001, 'hidden_layer_sizes': (256, 128), 'learning_rate_init': 0.0005}
2026-04-09 19:01:04,408 | INFO |   Fold 2/5 | Processing...
2026-04-09 19:01:04,632 | INFO |     FP filtering (fold 2): 2048 -> 130 (retain 6.3%)
2026-04-09 19:01:04,724 | INFO |     Tuning LR: best_score=0.9017, best_params={'C': 10.0, 'penalty': 'l1', 'solver': 'liblinear'}
2026-04-09 19:01:09,545 | INFO |     Tuning RFC: best_score=0.9576, best_params={'max_depth': None, 'min_samples_leaf': 4, 'n_estimators': 500}
2026-04-09 19:01:10,579 | INFO |     Tuning SVC: best_score=0.9266, best_params={'C': 1.0, 'gamma': 'scale', 'kernel': 'rbf'}
2026-04-09 19:07:01,840 | INFO |     Tuning XGBC: best_score=0.9620, best_params={'learning_rate': 0.03, 'max_depth': 6, 'n_estimators': 200, 'subsample': 1.0}
2026-04-09 19:07:05,492 | INFO |     Tuning ETC: best_score=0.9667, best_params={'max_depth': None, 'min_samples_leaf': 4, 'n_estimators': 500}
2026-04-09 19:07:09,590 | INFO |     Tuning MLP: best_score=0.9262, best_params={'alpha': 0.001, 'hidden_layer_sizes': (256, 128), 'learning_rate_init': 0.0005}
2026-04-09 19:07:09,619 | INFO |   Fold 3/5 | Processing...
2026-04-09 19:07:09,862 | INFO |     FP filtering (fold 3): 2048 -> 131 (retain 6.4%)
2026-04-09 19:07:10,554 | INFO |     Tuning LR: best_score=0.9353, best_params={'C': 1.0, 'penalty': 'l2', 'solver': 'liblinear'}
2026-04-09 19:07:15,236 | INFO |     Tuning RFC: best_score=0.9543, best_params={'max_depth': 10, 'min_samples_leaf': 1, 'n_estimators': 200}
2026-04-09 19:07:16,557 | INFO |     Tuning SVC: best_score=0.9282, best_params={'C': 10.0, 'gamma': 'scale', 'kernel': 'rbf'}
2026-04-09 19:07:25,448 | INFO |     Tuning XGBC: best_score=0.9502, best_params={'learning_rate': 0.1, 'max_depth': 6, 'n_estimators': 500, 'subsample': 1.0}
2026-04-09 19:07:28,819 | INFO |     Tuning ETC: best_score=0.9582, best_params={'max_depth': None, 'min_samples_leaf': 1, 'n_estimators': 500}
2026-04-09 19:07:32,226 | INFO |     Tuning MLP: best_score=0.9615, best_params={'alpha': 0.001, 'hidden_layer_sizes': (256, 128), 'learning_rate_init': 0.001}
2026-04-09 19:07:32,252 | INFO |   Fold 4/5 | Processing...
2026-04-09 19:07:32,454 | INFO |     FP filtering (fold 4): 2048 -> 130 (retain 6.3%)
2026-04-09 19:07:32,540 | INFO |     Tuning LR: best_score=0.9668, best_params={'C': 10.0, 'penalty': 'l1', 'solver': 'liblinear'}
2026-04-09 19:07:37,273 | INFO |     Tuning RFC: best_score=0.9755, best_params={'max_depth': 10, 'min_samples_leaf': 1, 'n_estimators': 500}
2026-04-09 19:07:38,309 | INFO |     Tuning SVC: best_score=0.9775, best_params={'C': 10.0, 'gamma': 0.01, 'kernel': 'rbf'}
2026-04-09 19:13:29,621 | INFO |     Tuning XGBC: best_score=0.9805, best_params={'learning_rate': 0.03, 'max_depth': 6, 'n_estimators': 500, 'subsample': 1.0}
2026-04-09 19:13:33,241 | INFO |     Tuning ETC: best_score=0.9789, best_params={'max_depth': 10, 'min_samples_leaf': 1, 'n_estimators': 500}
2026-04-09 19:13:35,889 | INFO |     Tuning MLP: best_score=0.9729, best_params={'alpha': 0.0001, 'hidden_layer_sizes': (256, 128), 'learning_rate_init': 0.001}
2026-04-09 19:13:35,921 | INFO |   Fold 5/5 | Processing...
2026-04-09 19:13:36,071 | INFO |     FP filtering (fold 5): 2048 -> 126 (retain 6.2%)
2026-04-09 19:13:36,898 | INFO |     Tuning LR: best_score=0.9499, best_params={'C': 10.0, 'penalty': 'l1', 'solver': 'liblinear'}
2026-04-09 19:13:41,254 | INFO |     Tuning RFC: best_score=0.9605, best_params={'max_depth': 10, 'min_samples_leaf': 1, 'n_estimators': 200}
2026-04-09 19:13:42,695 | INFO |     Tuning SVC: best_score=0.9504, best_params={'C': 100.0, 'gamma': 'scale', 'kernel': 'rbf'}
2026-04-09 19:13:51,164 | INFO |     Tuning XGBC: best_score=0.9640, best_params={'learning_rate': 0.03, 'max_depth': 6, 'n_estimators': 200, 'subsample': 0.8}
2026-04-09 19:13:53,806 | INFO |     Tuning ETC: best_score=0.9642, best_params={'max_depth': None, 'min_samples_leaf': 4, 'n_estimators': 200}
2026-04-09 19:13:55,586 | INFO |     Tuning MLP: best_score=0.9600, best_params={'alpha': 0.0001, 'hidden_layer_sizes': (256, 128), 'learning_rate_init': 0.001}
2026-04-09 19:13:55,624 | INFO | 

Cross-Validation Summary (Validation Set)
================================================================================
Model      |   accuracy |        ef1 |        ef5 |         f1 |        mcc |     pr_auc |  precision |     recall |    roc_auc
-------------------------------------------------------------------------------------------------------------------------------
ETC        | 0.9186 ± 0.0387 | 1.8651 ± 0.6687 | 1.8651 ± 0.6687 | 0.9285 ± 0.0351 | 0.8043 ± 0.0857 | 0.9792 ± 0.0264 | 0.9395 ± 0.0655 | 0.9250 ± 0.0659 | 0.9639 ± 0.0339
LR         | 0.8869 ± 0.0331 | 1.8651 ± 0.6687 | 1.8651 ± 0.6687 | 0.8979 ± 0.0460 | 0.6929 ± 0.1195 | 0.9618 ± 0.0372 | 0.8982 ± 0.0087 | 0.9010 ± 0.0813 | 0.9367 ± 0.0505
MLP        | 0.9098 ± 0.0321 | 1.8651 ± 0.6687 | 1.8651 ± 0.6687 | 0.9153 ± 0.0434 | 0.7663 ± 0.1041 | 0.9776 ± 0.0209 | 0.9254 ± 0.0292 | 0.9121 ± 0.0898 | 0.9647 ± 0.0251
RFC        | 0.9115 ± 0.0347 | 1.8651 ± 0.6687 | 1.8651 ± 0.6687 | 0.9152 ± 0.0485 | 0.7882 ± 0.0626 | 0.9742 ± 0.0274 | 0.9158 ± 0.0434 | 0.9185 ± 0.0777 | 0.9597 ± 0.0306
SVC        | 0.9129 ± 0.0406 | 1.8651 ± 0.6687 | 1.8651 ± 0.6687 | 0.9242 ± 0.0388 | 0.7847 ± 0.0978 | 0.9758 ± 0.0274 | 0.9254 ± 0.0651 | 0.9299 ± 0.0685 | 0.9538 ± 0.0389
XGBC       | 0.9156 ± 0.0384 | 1.8651 ± 0.6687 | 1.8651 ± 0.6687 | 0.9253 ± 0.0386 | 0.7862 ± 0.1159 | 0.9812 ± 0.0254 | 0.9395 ± 0.0542 | 0.9185 ± 0.0777 | 0.9672 ± 0.0278
2026-04-09 19:13:55,627 | INFO | ✓ Saved CV fold results to models_out/qsar_ml_20260409_184123/split_seed_9/results/fold_results.csv
2026-04-09 19:13:55,628 | INFO | ✓ Saved CV summary to models_out/qsar_ml_20260409_184123/split_seed_9/results/cv_summary.csv

2026-04-09 19:13:55,639 | INFO | OOF threshold candidates [LR] | Youden-J thr=0.9841 (J=0.7561, F1=0.8935) | Max-F1 thr=0.5209 (F1=0.9201, MCC=0.7087) | locked=0.5209 via max_f1
2026-04-09 19:13:55,647 | INFO | OOF threshold candidates [RFC] | Youden-J thr=0.6433 (J=0.8750, F1=0.9470) | Max-F1 thr=0.5463 (F1=0.9527, MCC=0.8414) | locked=0.5463 via max_f1
2026-04-09 19:13:55,654 | INFO | OOF threshold candidates [SVC] | Youden-J thr=0.7560 (J=0.8416, F1=0.9448) | Max-F1 thr=0.6080 (F1=0.9502, MCC=0.8267) | locked=0.6080 via max_f1
2026-04-09 19:13:55,661 | INFO | OOF threshold candidates [XGBC] | Youden-J thr=0.8395 (J=0.8916, F1=0.9534) | Max-F1 thr=0.8202 (F1=0.9553, MCC=0.8556) | locked=0.8202 via max_f1
2026-04-09 19:13:55,669 | INFO | OOF threshold candidates [ETC] | Youden-J thr=0.6542 (J=0.8795, F1=0.9521) | Max-F1 thr=0.5196 (F1=0.9559, MCC=0.8506) | locked=0.5196 via max_f1
2026-04-09 19:13:55,676 | INFO | OOF threshold candidates [MLP] | Youden-J thr=0.9993 (J=0.8587, F1=0.9297) | Max-F1 thr=0.8975 (F1=0.9451, MCC=0.8149) | locked=0.8975 via max_f1
2026-04-09 19:13:55,914 | INFO |   FP filtering (final-dev): 2048 -> 129 (retain 6.3%)
2026-04-09 19:13:56,026 | INFO |     Tuning LR: best_score=0.9664, best_params={'C': 1.0, 'penalty': 'l1', 'solver': 'liblinear'}
2026-04-09 19:13:56,026 | INFO |   Threshold lock LR: threshold=0.5209 (source=oof_max_f1)
2026-04-09 19:13:56,048 | INFO |   ✓ LR       | dev AUC:  0.9944 | ext AUC:  0.8455
2026-04-09 19:13:59,864 | INFO |     Tuning RFC: best_score=0.9541, best_params={'max_depth': 10, 'min_samples_leaf': 1, 'n_estimators': 200}
2026-04-09 19:13:59,865 | INFO |   Threshold lock RFC: threshold=0.5463 (source=oof_max_f1)
2026-04-09 19:14:00,169 | INFO |   ✓ RFC      | dev AUC:  1.0000 | ext AUC:  0.8968
2026-04-09 19:14:00,757 | INFO |     Tuning SVC: best_score=0.9628, best_params={'C': 100.0, 'gamma': 0.001, 'kernel': 'rbf'}
2026-04-09 19:14:00,757 | INFO |   Threshold lock SVC: threshold=0.6080 (source=oof_max_f1)
2026-04-09 19:14:00,788 | INFO |   ✓ SVC      | dev AUC:  0.9961 | ext AUC:  0.9569
2026-04-09 19:19:52,474 | INFO |     Tuning XGBC: best_score=0.9700, best_params={'learning_rate': 0.1, 'max_depth': 3, 'n_estimators': 200, 'subsample': 1.0}
2026-04-09 19:19:52,475 | INFO |   Threshold lock XGBC: threshold=0.8202 (source=oof_max_f1)
2026-04-09 19:19:52,509 | INFO |   ✓ XGBC     | dev AUC:  1.0000 | ext AUC:  0.9262
2026-04-09 19:19:55,540 | INFO |     Tuning ETC: best_score=0.9631, best_params={'max_depth': 10, 'min_samples_leaf': 4, 'n_estimators': 200}
2026-04-09 19:19:55,540 | INFO |   Threshold lock ETC: threshold=0.5196 (source=oof_max_f1)
2026-04-09 19:19:55,852 | INFO |   ✓ ETC      | dev AUC:  0.9964 | ext AUC:  0.9376
2026-04-09 19:19:59,533 | INFO |     Tuning MLP: best_score=0.9644, best_params={'alpha': 0.0001, 'hidden_layer_sizes': (512, 256), 'learning_rate_init': 0.001}
2026-04-09 19:19:59,533 | INFO |   Threshold lock MLP: threshold=0.8975 (source=oof_max_f1)
2026-04-09 19:19:59,557 | INFO |   ✓ MLP      | dev AUC:  0.9999 | ext AUC:  0.9572
2026-04-09 19:19:59,558 | INFO | 
External Test Set Performance:

2026-04-09 19:19:59,559 | INFO | 
Model      |   accuracy | classification_threshold |        ef1 |        ef5 |         f1 |        mcc |     pr_auc |  precision |     recall |    roc_auc
----------------------------------------------------------------------------------------------------------------------------------------------------------
ETC        |     0.8525 |     0.5196 |     1.4699 |     1.4699 |     0.8861 |     0.6853 |     0.9716 |     0.9333 |     0.8434 |     0.9376
LR         |     0.7705 |     0.5209 |     1.4699 |     1.4699 |     0.8333 |     0.4654 |     0.9205 |     0.8235 |     0.8434 |     0.8455
MLP        |     0.8525 |     0.8975 |     1.4699 |     1.4699 |     0.8846 |     0.6933 |     0.9812 |     0.9452 |     0.8313 |     0.9572
RFC        |     0.7869 |     0.5463 |     1.4699 |     1.4699 |     0.8289 |     0.5694 |     0.9563 |     0.9130 |     0.7590 |     0.8968
SVC        |     0.8361 |     0.6080 |     1.4699 |     1.4699 |     0.8718 |     0.6574 |     0.9805 |     0.9315 |     0.8193 |     0.9569
XGBC       |     0.8361 |     0.8202 |     1.4699 |     1.4699 |     0.8718 |     0.6574 |     0.9678 |     0.9315 |     0.8193 |     0.9262

2026-04-09 19:19:59,750 | INFO |   ✓ Saved external predictions
2026-04-09 19:19:59,753 | INFO |   ✓ Saved threshold_selection_summary.csv
2026-04-09 19:19:59,755 | INFO |   ✓ Saved external_test_results.csv and external_test_summary.csv
2026-04-09 19:20:02,516 | INFO |   ✓ Saved threshold_curves_data.csv
2026-04-09 19:20:02,518 | INFO |   ✓ Saved feature importance for 3 tree models
2026-04-09 19:20:02,519 | INFO |   ✓ Saved split indices
2026-04-09 19:20:02,519 | INFO | 
✓ Completed split_seed 9 | Dev: 465 | External: 122

2026-04-09 19:20:02,521 | INFO | ================================================================================
2026-04-09 19:20:02,521 | INFO | ==========================  PROCESSING SPLIT SEED 26  ==========================
2026-04-09 19:20:02,521 | INFO | ================================================================================
2026-04-09 19:20:02,794 | INFO | Data split: 465 development | 122 external test
2026-04-09 19:20:02,795 | INFO | Class balance | dev: 333/465 active (71.6%) | external: 83/122 active (68.0%)
2026-04-09 19:20:02,795 | INFO | 
Starting 5-fold cross-validation on development set (seed=26)
2026-04-09 19:20:03,039 | INFO | Using StratifiedGroupKFold with Bemis-Murcko scaffold groups for inner CV
2026-04-09 19:20:03,039 | INFO |   Fold 1/5 | Processing...
2026-04-09 19:20:03,239 | INFO |     FP filtering (fold 1): 2048 -> 130 (retain 6.3%)
2026-04-09 19:20:04,024 | INFO |     Tuning LR: best_score=0.9354, best_params={'C': 10.0, 'penalty': 'l1', 'solver': 'liblinear'}
2026-04-09 19:20:09,615 | INFO |     Tuning RFC: best_score=0.9421, best_params={'max_depth': None, 'min_samples_leaf': 1, 'n_estimators': 500}
2026-04-09 19:20:11,370 | INFO |     Tuning SVC: best_score=0.9533, best_params={'C': 10.0, 'gamma': 'scale', 'kernel': 'rbf'}
2026-04-09 19:20:20,239 | INFO |     Tuning XGBC: best_score=0.9500, best_params={'learning_rate': 0.03, 'max_depth': 6, 'n_estimators': 200, 'subsample': 1.0}
2026-04-09 19:20:23,765 | INFO |     Tuning ETC: best_score=0.9552, best_params={'max_depth': None, 'min_samples_leaf': 1, 'n_estimators': 500}
2026-04-09 19:20:26,888 | INFO |     Tuning MLP: best_score=0.9519, best_params={'alpha': 0.001, 'hidden_layer_sizes': (512, 256), 'learning_rate_init': 0.001}
2026-04-09 19:20:26,915 | INFO |   Fold 2/5 | Processing...
2026-04-09 19:20:27,055 | INFO |     FP filtering (fold 2): 2048 -> 147 (retain 7.2%)
2026-04-09 19:20:27,144 | INFO |     Tuning LR: best_score=0.9409, best_params={'C': 1.0, 'penalty': 'l2', 'solver': 'liblinear'}
2026-04-09 19:20:31,876 | INFO |     Tuning RFC: best_score=0.9635, best_params={'max_depth': None, 'min_samples_leaf': 1, 'n_estimators': 500}
2026-04-09 19:20:32,840 | INFO |     Tuning SVC: best_score=0.9586, best_params={'C': 10.0, 'gamma': 'scale', 'kernel': 'rbf'}
2026-04-09 19:26:24,403 | INFO |     Tuning XGBC: best_score=0.9691, best_params={'learning_rate': 0.03, 'max_depth': 3, 'n_estimators': 500, 'subsample': 0.8}
2026-04-09 19:26:27,313 | INFO |     Tuning ETC: best_score=0.9715, best_params={'max_depth': None, 'min_samples_leaf': 1, 'n_estimators': 200}
2026-04-09 19:26:29,921 | INFO |     Tuning MLP: best_score=0.9602, best_params={'alpha': 0.001, 'hidden_layer_sizes': (256, 128), 'learning_rate_init': 0.0005}
2026-04-09 19:26:29,956 | INFO |   Fold 3/5 | Processing...
2026-04-09 19:26:30,178 | INFO |     FP filtering (fold 3): 2048 -> 134 (retain 6.5%)
2026-04-09 19:26:30,981 | INFO |     Tuning LR: best_score=0.9655, best_params={'C': 10.0, 'penalty': 'l2', 'solver': 'liblinear'}
2026-04-09 19:26:36,664 | INFO |     Tuning RFC: best_score=0.9725, best_params={'max_depth': None, 'min_samples_leaf': 1, 'n_estimators': 500}
2026-04-09 19:26:38,374 | INFO |     Tuning SVC: best_score=0.9734, best_params={'C': 10.0, 'gamma': 'scale', 'kernel': 'rbf'}
2026-04-09 19:26:47,148 | INFO |     Tuning XGBC: best_score=0.9738, best_params={'learning_rate': 0.03, 'max_depth': 6, 'n_estimators': 200, 'subsample': 1.0}
2026-04-09 19:26:50,591 | INFO |     Tuning ETC: best_score=0.9825, best_params={'max_depth': 10, 'min_samples_leaf': 1, 'n_estimators': 500}
2026-04-09 19:26:53,691 | INFO |     Tuning MLP: best_score=0.9743, best_params={'alpha': 0.0001, 'hidden_layer_sizes': (256, 128), 'learning_rate_init': 0.001}
2026-04-09 19:26:53,719 | INFO |   Fold 4/5 | Processing...
2026-04-09 19:26:53,936 | INFO |     FP filtering (fold 4): 2048 -> 129 (retain 6.3%)
2026-04-09 19:26:54,016 | INFO |     Tuning LR: best_score=0.9370, best_params={'C': 1.0, 'penalty': 'l2', 'solver': 'liblinear'}
2026-04-09 19:26:58,813 | INFO |     Tuning RFC: best_score=0.9399, best_params={'max_depth': None, 'min_samples_leaf': 1, 'n_estimators': 500}
2026-04-09 19:26:59,807 | INFO |     Tuning SVC: best_score=0.9463, best_params={'C': 1.0, 'gamma': 'scale', 'kernel': 'rbf'}
2026-04-09 19:32:46,424 | INFO |     Tuning XGBC: best_score=0.9350, best_params={'learning_rate': 0.1, 'max_depth': 6, 'n_estimators': 200, 'subsample': 1.0}
2026-04-09 19:32:49,391 | INFO |     Tuning ETC: best_score=0.9538, best_params={'max_depth': 10, 'min_samples_leaf': 1, 'n_estimators': 200}
2026-04-09 19:32:52,307 | INFO |     Tuning MLP: best_score=0.9457, best_params={'alpha': 0.0001, 'hidden_layer_sizes': (256, 128), 'learning_rate_init': 0.001}
2026-04-09 19:32:52,336 | INFO |   Fold 5/5 | Processing...
2026-04-09 19:32:52,555 | INFO |     FP filtering (fold 5): 2048 -> 136 (retain 6.6%)
2026-04-09 19:32:53,457 | INFO |     Tuning LR: best_score=0.9453, best_params={'C': 1.0, 'penalty': 'l2', 'solver': 'liblinear'}
2026-04-09 19:32:58,963 | INFO |     Tuning RFC: best_score=0.9421, best_params={'max_depth': 10, 'min_samples_leaf': 1, 'n_estimators': 500}
2026-04-09 19:33:00,814 | INFO |     Tuning SVC: best_score=0.9517, best_params={'C': 10.0, 'gamma': 0.01, 'kernel': 'rbf'}
2026-04-09 19:33:09,732 | INFO |     Tuning XGBC: best_score=0.9505, best_params={'learning_rate': 0.03, 'max_depth': 6, 'n_estimators': 200, 'subsample': 1.0}
2026-04-09 19:33:12,455 | INFO |     Tuning ETC: best_score=0.9532, best_params={'max_depth': 10, 'min_samples_leaf': 1, 'n_estimators': 200}
2026-04-09 19:33:16,059 | INFO |     Tuning MLP: best_score=0.9496, best_params={'alpha': 0.0001, 'hidden_layer_sizes': (512, 256), 'learning_rate_init': 0.0005}
2026-04-09 19:33:16,137 | INFO | 

Cross-Validation Summary (Validation Set)
================================================================================
Model      |   accuracy |        ef1 |        ef5 |         f1 |        mcc |     pr_auc |  precision |     recall |    roc_auc
-------------------------------------------------------------------------------------------------------------------------------
ETC        | 0.9025 ± 0.0436 | 1.6849 ± 0.3122 | 1.6849 ± 0.3122 | 0.9123 ± 0.0537 | 0.7766 ± 0.0805 | 0.9675 ± 0.0332 | 0.9147 ± 0.0493 | 0.9125 ± 0.0750 | 0.9586 ± 0.0399
LR         | 0.8593 ± 0.0712 | 1.6849 ± 0.3122 | 1.6849 ± 0.3122 | 0.8805 ± 0.0702 | 0.6914 ± 0.1138 | 0.9699 ± 0.0329 | 0.8526 ± 0.1039 | 0.9197 ± 0.0785 | 0.9577 ± 0.0386
MLP        | 0.9015 ± 0.0370 | 1.6849 ± 0.3122 | 1.6849 ± 0.3122 | 0.9147 ± 0.0428 | 0.7756 ± 0.0621 | 0.9815 ± 0.0212 | 0.9000 ± 0.0655 | 0.9351 ± 0.0637 | 0.9735 ± 0.0264
RFC        | 0.9065 ± 0.0409 | 1.6849 ± 0.3122 | 1.6849 ± 0.3122 | 0.9179 ± 0.0481 | 0.7809 ± 0.0805 | 0.9768 ± 0.0261 | 0.9146 ± 0.0564 | 0.9241 ± 0.0646 | 0.9677 ± 0.0296
SVC        | 0.8951 ± 0.0406 | 1.6849 ± 0.3122 | 1.6849 ± 0.3122 | 0.9083 ± 0.0451 | 0.7654 ± 0.0498 | 0.9796 ± 0.0228 | 0.8944 ± 0.0592 | 0.9278 ± 0.0699 | 0.9709 ± 0.0269
XGBC       | 0.8743 ± 0.0725 | 1.6849 ± 0.3122 | 1.6849 ± 0.3122 | 0.8944 ± 0.0693 | 0.7192 ± 0.1266 | 0.9642 ± 0.0399 | 0.8625 ± 0.1005 | 0.9339 ± 0.0506 | 0.9537 ± 0.0452
2026-04-09 19:33:16,146 | INFO | ✓ Saved CV fold results to models_out/qsar_ml_20260409_184123/split_seed_26/results/fold_results.csv
2026-04-09 19:33:16,146 | INFO | ✓ Saved CV summary to models_out/qsar_ml_20260409_184123/split_seed_26/results/cv_summary.csv

2026-04-09 19:33:16,180 | INFO | OOF threshold candidates [LR] | Youden-J thr=0.7326 (J=0.7481, F1=0.9097) | Max-F1 thr=0.2285 (F1=0.9255, MCC=0.7153) | locked=0.2285 via max_f1
2026-04-09 19:33:16,197 | INFO | OOF threshold candidates [RFC] | Youden-J thr=0.5240 (J=0.8446, F1=0.9464) | Max-F1 thr=0.5240 (F1=0.9464, MCC=0.8221) | locked=0.5240 via max_f1
2026-04-09 19:33:16,204 | INFO | OOF threshold candidates [SVC] | Youden-J thr=0.6848 (J=0.8554, F1=0.9390) | Max-F1 thr=0.5186 (F1=0.9439, MCC=0.8079) | locked=0.5186 via max_f1
2026-04-09 19:33:16,212 | INFO | OOF threshold candidates [XGBC] | Youden-J thr=0.9392 (J=0.7445, F1=0.8672) | Max-F1 thr=0.6162 (F1=0.9265, MCC=0.7402) | locked=0.6162 via max_f1
2026-04-09 19:33:16,219 | INFO | OOF threshold candidates [ETC] | Youden-J thr=0.7252 (J=0.8524, F1=0.9373) | Max-F1 thr=0.4495 (F1=0.9445, MCC=0.8039) | locked=0.4495 via max_f1
2026-04-09 19:33:16,226 | INFO | OOF threshold candidates [MLP] | Youden-J thr=0.9132 (J=0.7980, F1=0.9236) | Max-F1 thr=0.1794 (F1=0.9429, MCC=0.7888) | locked=0.1794 via max_f1
2026-04-09 19:33:16,447 | INFO |   FP filtering (final-dev): 2048 -> 133 (retain 6.5%)
2026-04-09 19:33:16,535 | INFO |     Tuning LR: best_score=0.9534, best_params={'C': 1.0, 'penalty': 'l2', 'solver': 'liblinear'}
2026-04-09 19:33:16,536 | INFO |   Threshold lock LR: threshold=0.2285 (source=oof_max_f1)
2026-04-09 19:33:16,592 | INFO |   ✓ LR       | dev AUC:  0.9985 | ext AUC:  0.9699
2026-04-09 19:33:20,364 | INFO |     Tuning RFC: best_score=0.9319, best_params={'max_depth': None, 'min_samples_leaf': 1, 'n_estimators': 200}
2026-04-09 19:33:20,365 | INFO |   Threshold lock RFC: threshold=0.5240 (source=oof_max_f1)
2026-04-09 19:33:20,687 | INFO |   ✓ RFC      | dev AUC:  1.0000 | ext AUC:  0.9841
2026-04-09 19:33:21,293 | INFO |     Tuning SVC: best_score=0.9646, best_params={'C': 10.0, 'gamma': 'scale', 'kernel': 'rbf'}
2026-04-09 19:33:21,293 | INFO |   Threshold lock SVC: threshold=0.5186 (source=oof_max_f1)
2026-04-09 19:33:21,330 | INFO |   ✓ SVC      | dev AUC:  0.9992 | ext AUC:  0.9618
2026-04-09 19:39:15,084 | INFO |     Tuning XGBC: best_score=0.9538, best_params={'learning_rate': 0.03, 'max_depth': 6, 'n_estimators': 500, 'subsample': 0.8}
2026-04-09 19:39:15,084 | INFO |   Threshold lock XGBC: threshold=0.6162 (source=oof_max_f1)
2026-04-09 19:39:15,122 | INFO |   ✓ XGBC     | dev AUC:  1.0000 | ext AUC:  0.9835
2026-04-09 19:39:18,128 | INFO |     Tuning ETC: best_score=0.9618, best_params={'max_depth': 10, 'min_samples_leaf': 1, 'n_estimators': 200}
2026-04-09 19:39:18,129 | INFO |   Threshold lock ETC: threshold=0.4495 (source=oof_max_f1)
2026-04-09 19:39:18,432 | INFO |   ✓ ETC      | dev AUC:  1.0000 | ext AUC:  0.9751
2026-04-09 19:39:21,147 | INFO |     Tuning MLP: best_score=0.9784, best_params={'alpha': 0.0001, 'hidden_layer_sizes': (256, 128), 'learning_rate_init': 0.001}
2026-04-09 19:39:21,147 | INFO |   Threshold lock MLP: threshold=0.1794 (source=oof_max_f1)
2026-04-09 19:39:21,171 | INFO |   ✓ MLP      | dev AUC:  1.0000 | ext AUC:  0.9748
2026-04-09 19:39:21,172 | INFO | 
External Test Set Performance:

2026-04-09 19:39:21,172 | INFO | 
Model      |   accuracy | classification_threshold |        ef1 |        ef5 |         f1 |        mcc |     pr_auc |  precision |     recall |    roc_auc
----------------------------------------------------------------------------------------------------------------------------------------------------------
ETC        |     0.9180 |     0.4495 |     1.4699 |     1.4699 |     0.9412 |     0.8087 |     0.9878 |     0.9195 |     0.9639 |     0.9751
LR         |     0.8852 |     0.2285 |     1.4699 |     1.4699 |     0.9222 |     0.7406 |     0.9855 |     0.8557 |     1.0000 |     0.9699
MLP        |     0.9180 |     0.1794 |     1.4699 |     1.4699 |     0.9419 |     0.8092 |     0.9883 |     0.9101 |     0.9759 |     0.9748
RFC        |     0.9262 |     0.5240 |     1.4699 |     1.4699 |     0.9467 |     0.8282 |     0.9924 |     0.9302 |     0.9639 |     0.9841
SVC        |     0.9098 |     0.5186 |     1.4699 |     1.4699 |     0.9349 |     0.7897 |     0.9808 |     0.9186 |     0.9518 |     0.9618
XGBC       |     0.9098 |     0.6162 |     1.4699 |     1.4699 |     0.9357 |     0.7892 |     0.9925 |     0.9091 |     0.9639 |     0.9835

2026-04-09 19:39:21,393 | INFO |   ✓ Saved external predictions
2026-04-09 19:39:21,395 | INFO |   ✓ Saved threshold_selection_summary.csv
2026-04-09 19:39:21,398 | INFO |   ✓ Saved external_test_results.csv and external_test_summary.csv
2026-04-09 19:39:24,242 | INFO |   ✓ Saved threshold_curves_data.csv
2026-04-09 19:39:24,244 | INFO |   ✓ Saved feature importance for 3 tree models
2026-04-09 19:39:24,245 | INFO |   ✓ Saved split indices
2026-04-09 19:39:24,245 | INFO | 
✓ Completed split_seed 26 | Dev: 465 | External: 122

2026-04-09 19:39:24,247 | INFO | ================================================================================
2026-04-09 19:39:24,247 | INFO | ======================  AGGREGATING RESULTS ACROSS SEEDS  ======================
2026-04-09 19:39:24,247 | INFO | ================================================================================
2026-04-09 19:39:24,251 | INFO | ✓ Saved aggregated CV summary
2026-04-09 19:39:24,262 | INFO | ✓ Saved all external predictions (2196 total predictions)
2026-04-09 19:39:24,263 | INFO | ✓ Saved hyperparameter tuning summary (108 records)
2026-04-09 19:39:24,265 | INFO | Feature filtering (final-dev) kept bits: 133.0 ± 3.3
2026-04-09 19:39:24,265 | INFO | ✓ Saved feature filtering summary (per-fold and final-dev)
2026-04-09 19:39:24,267 | INFO | ✓ Saved summary metrics (mean ± std across 3 seeds)
2026-04-09 19:39:24,269 | INFO | ✓ Saved external test summary
